<?xml version="1.0" encoding="UTF-8"?>
<!-- Generated by org.testng.reporters.JUnitXMLReporter -->
<testsuite hostname="zeasghar" ignored="4" name="Testcases" tests="7" failures="1" timestamp="2020-04-16T10:24:45 PKT" time="130.601" errors="0">
  <testcase name="VerifyDisplay" time="9.619" classname="SelenroidAutomatedTests.SelenroidDisplayTest"/>
  <testcase name="VerifyDisplay" time="10.033" classname="SelenroidAutomatedTests.SelenroidPopUpButtonTest"/>
  <testcase name="VerifyTouchActions" time="15.417" classname="SelenroidAutomatedTests.SelenroidTouchTest"/>
  <testcase name="VerifyWebViewElements" time="28.026" classname="SelenroidAutomatedTests.SelenroidWebViewTest"/>
  <testcase name="VerifyWebViewElements" time="28.833" classname="SelenroidAutomatedTests.SelenroidWebViewTest"/>
  <testcase name="VerifyWebViewElements" time="28.222" classname="SelenroidAutomatedTests.SelenroidWebViewTest"/>
  <testcase name="VerifyDisplay" time="10.393" classname="SelenroidAutomatedTests.SelenroidWaitAndRegTest">
    <failure type="org.openqa.selenium.NoSuchElementException" message="Can&amp;apos;t locate an element by this strategy: By.chained({By.id: io.selendroid.testapp:id/waitingButtonTest})">
      <![CDATA[org.openqa.selenium.NoSuchElementException: Can't locate an element by this strategy: By.chained({By.id: io.selendroid.testapp:id/waitingButtonTest})
at io.appium.java_client.pagefactory.AppiumElementLocator.findElement(AppiumElementLocator.java:126)
at io.appium.java_client.pagefactory.interceptors.InterceptorOfASingleElement.intercept(InterceptorOfASingleElement.java:59)
at io.appium.java_client.android.AndroidElement$$EnhancerByCGLIB$$b598166c.click(<generated>)
at SelenroidAutomatedTests.SelenroidWaitAndRegTest.VerifyDisplay(SelenroidWaitAndRegTest.java:33)
at java.util.ArrayList.forEach(ArrayList.java:1257)
Caused by: org.openqa.selenium.TimeoutException: Expected condition failed: waiting for io.appium.java_client.pagefactory.AppiumElementLocator$WaitingFunction@51abf713 (tried for 1 second(s) with 500 milliseconds interval)
at org.openqa.selenium.support.ui.FluentWait.timeoutException(FluentWait.java:304)
at org.openqa.selenium.support.ui.FluentWait.until(FluentWait.java:272)
at io.appium.java_client.pagefactory.AppiumElementLocator.waitFor(AppiumElementLocator.java:99)
at io.appium.java_client.pagefactory.AppiumElementLocator.findElement(AppiumElementLocator.java:119)
... 31 more
Caused by: org.openqa.selenium.NoSuchElementException: Cannot locate an element using By.chained({By.id: io.selendroid.testapp:id/waitingButtonTest})
For documentation on this error, please visit: https://www.seleniumhq.org/exceptions/no_such_element.html
Build info: version: '3.141.59', revision: 'e82be7d358', time: '2018-11-14T08:17:03'
System info: host: 'ZEASGHAR', ip: '192.168.1.104', os.name: 'Windows 10', os.arch: 'amd64', os.version: '10.0', java.version: '1.8.0_201'
Driver info: driver.version: AndroidDriver
at io.appium.java_client.pagefactory.bys.builder.ByChained.findElement(ByChained.java:74)
at org.openqa.selenium.remote.RemoteWebDriver.findElement(RemoteWebDriver.java:315)
at io.appium.java_client.DefaultGenericMobileDriver.findElement(DefaultGenericMobileDriver.java:57)
at io.appium.java_client.AppiumDriver.findElement(AppiumDriver.java:1)
at io.appium.java_client.android.AndroidDriver.findElement(AndroidDriver.java:1)
at io.appium.java_client.pagefactory.bys.ContentMappedBy.findElement(ContentMappedBy.java:50)
at org.openqa.selenium.remote.RemoteWebDriver.findElement(RemoteWebDriver.java:315)
at io.appium.java_client.DefaultGenericMobileDriver.findElement(DefaultGenericMobileDriver.java:57)
at io.appium.java_client.AppiumDriver.findElement(AppiumDriver.java:1)
at io.appium.java_client.android.AndroidDriver.findElement(AndroidDriver.java:1)
at io.appium.java_client.pagefactory.AppiumElementLocator.lambda$0(AppiumElementLocator.java:120)
at io.appium.java_client.pagefactory.AppiumElementLocator$WaitingFunction.apply(AppiumElementLocator.java:172)
at io.appium.java_client.pagefactory.AppiumElementLocator$WaitingFunction.apply(AppiumElementLocator.java:1)
at org.openqa.selenium.support.ui.FluentWait.until(FluentWait.java:249)
... 33 more
... Removed 27 stack frames]]>
    </failure>
  </testcase> <!-- VerifyDisplay -->
  <testcase name="@AfterTest Closedown" time="0.0" classname="SelenroidAutomatedTests.BaseClass">
    <ignored/>
  </testcase> <!-- @AfterTest Closedown -->
  <testcase name="@AfterTest Closedown" time="0.0" classname="SelenroidAutomatedTests.BaseClass">
    <ignored/>
  </testcase> <!-- @AfterTest Closedown -->
  <testcase name="@AfterTest Closedown" time="0.0" classname="SelenroidAutomatedTests.BaseClass">
    <ignored/>
  </testcase> <!-- @AfterTest Closedown -->
  <testcase name="@AfterTest Closedown" time="0.0" classname="SelenroidAutomatedTests.BaseClass">
    <ignored/>
  </testcase> <!-- @AfterTest Closedown -->
</testsuite> <!-- Testcases -->
