<?xml version="1.0" encoding="UTF-8"?>
<testng-results skipped="0" failed="1" ignored="4" total="11" passed="6">
  <reporter-output>
  </reporter-output>
  <suite name="Selenroid app TestSuite" duration-ms="130601" started-at="2020-04-16T10:22:35 PKT" finished-at="2020-04-16T10:24:45 PKT">
    <groups>
    </groups>
    <test name="Testcases" duration-ms="130601" started-at="2020-04-16T10:22:35 PKT" finished-at="2020-04-16T10:24:45 PKT">
      <class name="SelenroidAutomatedTests.SelenroidDisplayTest">
        <test-method status="PASS" signature="VerifyDisplay()[pri:0, instance:SelenroidAutomatedTests.SelenroidDisplayTest@757942a1]" name="VerifyDisplay" duration-ms="9619" started-at="2020-04-16T10:22:35 PKT" finished-at="2020-04-16T10:22:44 PKT">
          <reporter-output>
          </reporter-output>
        </test-method> <!-- VerifyDisplay -->
        <test-method status="PASS" signature="Closedown()[pri:0, instance:SelenroidAutomatedTests.SelenroidDisplayTest@757942a1]" name="Closedown" is-config="true" duration-ms="2" started-at="2020-04-16T10:24:45 PKT" finished-at="2020-04-16T10:24:45 PKT">
          <reporter-output>
          </reporter-output>
        </test-method> <!-- Closedown -->
      </class> <!-- SelenroidAutomatedTests.SelenroidDisplayTest -->
      <class name="SelenroidAutomatedTests.SelenroidWaitAndRegTest">
        <test-method status="FAIL" signature="VerifyDisplay()[pri:0, instance:SelenroidAutomatedTests.SelenroidWaitAndRegTest@37374a5e]" name="VerifyDisplay" duration-ms="10393" started-at="2020-04-16T10:24:35 PKT" finished-at="2020-04-16T10:24:45 PKT">
          <exception class="org.openqa.selenium.NoSuchElementException">
            <message>
              <![CDATA[Can't locate an element by this strategy: By.chained({By.id: io.selendroid.testapp:id/waitingButtonTest})]]>
            </message>
            <full-stacktrace>
              <![CDATA[org.openqa.selenium.NoSuchElementException: Can't locate an element by this strategy: By.chained({By.id: io.selendroid.testapp:id/waitingButtonTest})
at io.appium.java_client.pagefactory.AppiumElementLocator.findElement(AppiumElementLocator.java:126)
at io.appium.java_client.pagefactory.interceptors.InterceptorOfASingleElement.intercept(InterceptorOfASingleElement.java:59)
at io.appium.java_client.android.AndroidElement$$EnhancerByCGLIB$$b598166c.click(<generated>)
at SelenroidAutomatedTests.SelenroidWaitAndRegTest.VerifyDisplay(SelenroidWaitAndRegTest.java:33)
at sun.reflect.NativeMethodAccessorImpl.invoke0(Native Method)
at sun.reflect.NativeMethodAccessorImpl.invoke(NativeMethodAccessorImpl.java:62)
at sun.reflect.DelegatingMethodAccessorImpl.invoke(DelegatingMethodAccessorImpl.java:43)
at java.lang.reflect.Method.invoke(Method.java:498)
at org.testng.internal.MethodInvocationHelper.invokeMethod(MethodInvocationHelper.java:134)
at org.testng.internal.TestInvoker.invokeMethod(TestInvoker.java:597)
at org.testng.internal.TestInvoker.invokeTestMethod(TestInvoker.java:173)
at org.testng.internal.MethodRunner.runInSequence(MethodRunner.java:46)
at org.testng.internal.TestInvoker$MethodInvocationAgent.invoke(TestInvoker.java:816)
at org.testng.internal.TestInvoker.invokeTestMethods(TestInvoker.java:146)
at org.testng.internal.TestMethodWorker.invokeTestMethods(TestMethodWorker.java:146)
at org.testng.internal.TestMethodWorker.run(TestMethodWorker.java:128)
at java.util.ArrayList.forEach(ArrayList.java:1257)
at org.testng.TestRunner.privateRun(TestRunner.java:766)
at org.testng.TestRunner.run(TestRunner.java:587)
at org.testng.SuiteRunner.runTest(SuiteRunner.java:384)
at org.testng.SuiteRunner.runSequentially(SuiteRunner.java:378)
at org.testng.SuiteRunner.privateRun(SuiteRunner.java:337)
at org.testng.SuiteRunner.run(SuiteRunner.java:286)
at org.testng.SuiteRunnerWorker.runSuite(SuiteRunnerWorker.java:53)
at org.testng.SuiteRunnerWorker.run(SuiteRunnerWorker.java:96)
at org.testng.TestNG.runSuitesSequentially(TestNG.java:1187)
at org.testng.TestNG.runSuitesLocally(TestNG.java:1109)
at org.testng.TestNG.runSuites(TestNG.java:1039)
at org.testng.TestNG.run(TestNG.java:1007)
at org.testng.remote.AbstractRemoteTestNG.run(AbstractRemoteTestNG.java:115)
at org.testng.remote.RemoteTestNG.initAndRun(RemoteTestNG.java:251)
at org.testng.remote.RemoteTestNG.main(RemoteTestNG.java:77)
Caused by: org.openqa.selenium.TimeoutException: Expected condition failed: waiting for io.appium.java_client.pagefactory.AppiumElementLocator$WaitingFunction@51abf713 (tried for 1 second(s) with 500 milliseconds interval)
at org.openqa.selenium.support.ui.FluentWait.timeoutException(FluentWait.java:304)
at org.openqa.selenium.support.ui.FluentWait.until(FluentWait.java:272)
at io.appium.java_client.pagefactory.AppiumElementLocator.waitFor(AppiumElementLocator.java:99)
at io.appium.java_client.pagefactory.AppiumElementLocator.findElement(AppiumElementLocator.java:119)
... 31 more
Caused by: org.openqa.selenium.NoSuchElementException: Cannot locate an element using By.chained({By.id: io.selendroid.testapp:id/waitingButtonTest})
For documentation on this error, please visit: https://www.seleniumhq.org/exceptions/no_such_element.html
Build info: version: '3.141.59', revision: 'e82be7d358', time: '2018-11-14T08:17:03'
System info: host: 'ZEASGHAR', ip: '192.168.1.104', os.name: 'Windows 10', os.arch: 'amd64', os.version: '10.0', java.version: '1.8.0_201'
Driver info: driver.version: AndroidDriver
at io.appium.java_client.pagefactory.bys.builder.ByChained.findElement(ByChained.java:74)
at org.openqa.selenium.remote.RemoteWebDriver.findElement(RemoteWebDriver.java:315)
at io.appium.java_client.DefaultGenericMobileDriver.findElement(DefaultGenericMobileDriver.java:57)
at io.appium.java_client.AppiumDriver.findElement(AppiumDriver.java:1)
at io.appium.java_client.android.AndroidDriver.findElement(AndroidDriver.java:1)
at io.appium.java_client.pagefactory.bys.ContentMappedBy.findElement(ContentMappedBy.java:50)
at org.openqa.selenium.remote.RemoteWebDriver.findElement(RemoteWebDriver.java:315)
at io.appium.java_client.DefaultGenericMobileDriver.findElement(DefaultGenericMobileDriver.java:57)
at io.appium.java_client.AppiumDriver.findElement(AppiumDriver.java:1)
at io.appium.java_client.android.AndroidDriver.findElement(AndroidDriver.java:1)
at io.appium.java_client.pagefactory.AppiumElementLocator.lambda$0(AppiumElementLocator.java:120)
at io.appium.java_client.pagefactory.AppiumElementLocator$WaitingFunction.apply(AppiumElementLocator.java:172)
at io.appium.java_client.pagefactory.AppiumElementLocator$WaitingFunction.apply(AppiumElementLocator.java:1)
at org.openqa.selenium.support.ui.FluentWait.until(FluentWait.java:249)
... 33 more
]]>
            </full-stacktrace>
          </exception> <!-- org.openqa.selenium.NoSuchElementException -->
          <reporter-output>
          </reporter-output>
        </test-method> <!-- VerifyDisplay -->
      </class> <!-- SelenroidAutomatedTests.SelenroidWaitAndRegTest -->
      <class name="SelenroidAutomatedTests.SelenroidPopUpButtonTest">
        <test-method status="PASS" signature="VerifyDisplay()[pri:0, instance:SelenroidAutomatedTests.SelenroidPopUpButtonTest@4a87761d]" name="VerifyDisplay" duration-ms="10033" started-at="2020-04-16T10:22:44 PKT" finished-at="2020-04-16T10:22:54 PKT">
          <reporter-output>
          </reporter-output>
        </test-method> <!-- VerifyDisplay -->
      </class> <!-- SelenroidAutomatedTests.SelenroidPopUpButtonTest -->
      <class name="SelenroidAutomatedTests.SelenroidTouchTest">
        <test-method status="PASS" signature="VerifyTouchActions()[pri:0, instance:SelenroidAutomatedTests.SelenroidTouchTest@66d1af89]" name="VerifyTouchActions" duration-ms="15417" started-at="2020-04-16T10:22:54 PKT" finished-at="2020-04-16T10:23:10 PKT">
          <reporter-output>
          </reporter-output>
        </test-method> <!-- VerifyTouchActions -->
      </class> <!-- SelenroidAutomatedTests.SelenroidTouchTest -->
      <class name="SelenroidAutomatedTests.SelenroidWebViewTest">
        <test-method status="PASS" signature="VerifyWebViewElements(java.lang.String)[pri:0, instance:SelenroidAutomatedTests.SelenroidWebViewTest@8646db9]" name="VerifyWebViewElements" duration-ms="28026" started-at="2020-04-16T10:23:10 PKT" data-provider="InputData" finished-at="2020-04-16T10:23:38 PKT">
          <params>
            <param index="0">
              <value>
                <![CDATA[Zeeshan]]>
              </value>
            </param>
          </params>
          <reporter-output>
          </reporter-output>
        </test-method> <!-- VerifyWebViewElements -->
        <test-method status="PASS" signature="VerifyWebViewElements(java.lang.String)[pri:0, instance:SelenroidAutomatedTests.SelenroidWebViewTest@8646db9]" name="VerifyWebViewElements" duration-ms="28833" started-at="2020-04-16T10:23:38 PKT" data-provider="InputData" finished-at="2020-04-16T10:24:07 PKT">
          <params>
            <param index="0">
              <value>
                <![CDATA[Imran]]>
              </value>
            </param>
          </params>
          <reporter-output>
          </reporter-output>
        </test-method> <!-- VerifyWebViewElements -->
        <test-method status="PASS" signature="VerifyWebViewElements(java.lang.String)[pri:0, instance:SelenroidAutomatedTests.SelenroidWebViewTest@8646db9]" name="VerifyWebViewElements" duration-ms="28222" started-at="2020-04-16T10:24:07 PKT" data-provider="InputData" finished-at="2020-04-16T10:24:35 PKT">
          <params>
            <param index="0">
              <value>
                <![CDATA[Azeem]]>
              </value>
            </param>
          </params>
          <reporter-output>
          </reporter-output>
        </test-method> <!-- VerifyWebViewElements -->
      </class> <!-- SelenroidAutomatedTests.SelenroidWebViewTest -->
    </test> <!-- Testcases -->
  </suite> <!-- Selenroid app TestSuite -->
</testng-results>
